Terminals unused in grammar

   ERROR


Grammar

    0 $accept: program $end

    1 program: class_list

    2 class_list: class
    3           | class_list class

    4 class: CLASS TYPEID '{' '}' ';'
    5      | CLASS TYPEID '{' feature_list '}' ';'
    6      | CLASS TYPEID INHERITS TYPEID '{' '}' ';'
    7      | CLASS TYPEID INHERITS TYPEID '{' feature_list '}' ';'

    8 feature_list: feature
    9             | feature_list feature

   10 feature: OBJECTID '(' formal_list ')' ':' TYPEID '{' expr '}' ';'
   11        | OBJECTID ':' TYPEID ';'
   12        | OBJECTID ':' TYPEID ASSIGN expr ';'

   13 formal_list: formal
   14            | formal_list ',' formal
   15            | %empty

   16 formal: OBJECTID ':' TYPEID

   17 expr: OBJECTID
   18     | OBJECTID ASSIGN expr
   19     | BOOL_CONST
   20     | INT_CONST
   21     | STR_CONST
   22     | expr '.' TYPEID '(' expr_param ')'
   23     | OBJECTID '(' expr_param ')'
   24     | expr '@' TYPEID '.' OBJECTID '(' expr_param ')'
   25     | IF expr THEN expr FI
   26     | IF expr THEN expr ELSE expr FI
   27     | WHILE expr LOOP expr POOL
   28     | '{' expr_block '}'
   29     | LET OBJECTID ':' TYPEID expr_let
   30     | LET OBJECTID ':' TYPEID ASSIGN expr expr_let
   31     | CASE expr OF case_branches ESAC
   32     | NEW TYPEID
   33     | ISVOID expr
   34     | expr '+' expr
   35     | expr '-' expr
   36     | expr '*' expr
   37     | expr '/' expr
   38     | expr '<' expr
   39     | expr LE expr
   40     | expr '=' expr
   41     | '~' expr
   42     | NOT expr
   43     | '(' expr ')'

   44 expr_param: expr
   45           | expr_param ',' expr
   46           | %empty

   47 expr_block: expr ';'
   48           | expr_block expr ';'
   49           | error ';'

   50 expr_let: IN expr
   51         | ',' OBJECTID ':' TYPEID expr_let
   52         | ',' OBJECTID ':' TYPEID ASSIGN expr expr_let

   53 case_branches: case_branch
   54              | case_branches case_branch

   55 case_branch: OBJECTID ':' TYPEID DARROW expr ';'


Terminals, with rules where they appear

$end (0) 0
'(' (40) 10 22 23 24 43
')' (41) 10 22 23 24 43
'*' (42) 36
'+' (43) 34
',' (44) 14 45 51 52
'-' (45) 35
'.' (46) 22 24
'/' (47) 37
':' (58) 10 11 12 16 29 30 51 52 55
';' (59) 4 5 6 7 10 11 12 47 48 49 55
'<' (60) 38
'=' (61) 40
'@' (64) 24
'{' (123) 4 5 6 7 10 28
'}' (125) 4 5 6 7 10 28
'~' (126) 41
error (256) 49
CLASS (258) 4 5 6 7
ELSE (259) 26
FI (260) 25 26
IF (261) 25 26
IN (262) 50
INHERITS (263) 6 7
LET (264) 29 30
LOOP (265) 27
POOL (266) 27
THEN (267) 25 26
WHILE (268) 27
CASE (269) 31
ESAC (270) 31
OF (271) 31
DARROW (272) 55
NEW (273) 32
ISVOID (274) 33
STR_CONST (275) 21
INT_CONST (276) 20
BOOL_CONST (277) 19
TYPEID (278) 4 5 6 7 10 11 12 16 22 24 29 30 32 51 52 55
OBJECTID (279) 10 11 12 16 17 18 23 24 29 30 51 52 55
ASSIGN (280) 12 18 30 52
NOT (281) 42
LE (282) 39
ERROR (283)
HIGHEST (285)


Nonterminals, with rules where they appear

$accept (46)
    on left: 0
program (47)
    on left: 1, on right: 0
class_list (48)
    on left: 2 3, on right: 1 3
class (49)
    on left: 4 5 6 7, on right: 2 3
feature_list (50)
    on left: 8 9, on right: 5 7 9
feature (51)
    on left: 10 11 12, on right: 8 9
formal_list (52)
    on left: 13 14 15, on right: 10 14
formal (53)
    on left: 16, on right: 13 14
expr (54)
    on left: 17 18 19 20 21 22 23 24 25 26 27 28 29 30 31 32 33 34
    35 36 37 38 39 40 41 42 43, on right: 10 12 18 22 24 25 26 27 30
    31 33 34 35 36 37 38 39 40 41 42 43 44 45 47 48 50 52 55
expr_param (55)
    on left: 44 45 46, on right: 22 23 24 45
expr_block (56)
    on left: 47 48 49, on right: 28 48
expr_let (57)
    on left: 50 51 52, on right: 29 30 51 52
case_branches (58)
    on left: 53 54, on right: 31 54
case_branch (59)
    on left: 55, on right: 53 54


State 0

    0 $accept: . program $end

    CLASS  shift, and go to state 1

    program     go to state 2
    class_list  go to state 3
    class       go to state 4


State 1

    4 class: CLASS . TYPEID '{' '}' ';'
    5      | CLASS . TYPEID '{' feature_list '}' ';'
    6      | CLASS . TYPEID INHERITS TYPEID '{' '}' ';'
    7      | CLASS . TYPEID INHERITS TYPEID '{' feature_list '}' ';'

    TYPEID  shift, and go to state 5


State 2

    0 $accept: program . $end

    $end  shift, and go to state 6


State 3

    1 program: class_list .
    3 class_list: class_list . class

    CLASS  shift, and go to state 1

    $default  reduce using rule 1 (program)

    class  go to state 7


State 4

    2 class_list: class .

    $default  reduce using rule 2 (class_list)


State 5

    4 class: CLASS TYPEID . '{' '}' ';'
    5      | CLASS TYPEID . '{' feature_list '}' ';'
    6      | CLASS TYPEID . INHERITS TYPEID '{' '}' ';'
    7      | CLASS TYPEID . INHERITS TYPEID '{' feature_list '}' ';'

    INHERITS  shift, and go to state 8
    '{'       shift, and go to state 9


State 6

    0 $accept: program $end .

    $default  accept


State 7

    3 class_list: class_list class .

    $default  reduce using rule 3 (class_list)


State 8

    6 class: CLASS TYPEID INHERITS . TYPEID '{' '}' ';'
    7      | CLASS TYPEID INHERITS . TYPEID '{' feature_list '}' ';'

    TYPEID  shift, and go to state 10


State 9

    4 class: CLASS TYPEID '{' . '}' ';'
    5      | CLASS TYPEID '{' . feature_list '}' ';'

    OBJECTID  shift, and go to state 11
    '}'       shift, and go to state 12

    feature_list  go to state 13
    feature       go to state 14


State 10

    6 class: CLASS TYPEID INHERITS TYPEID . '{' '}' ';'
    7      | CLASS TYPEID INHERITS TYPEID . '{' feature_list '}' ';'

    '{'  shift, and go to state 15


State 11

   10 feature: OBJECTID . '(' formal_list ')' ':' TYPEID '{' expr '}' ';'
   11        | OBJECTID . ':' TYPEID ';'
   12        | OBJECTID . ':' TYPEID ASSIGN expr ';'

    '('  shift, and go to state 16
    ':'  shift, and go to state 17


State 12

    4 class: CLASS TYPEID '{' '}' . ';'

    ';'  shift, and go to state 18


State 13

    5 class: CLASS TYPEID '{' feature_list . '}' ';'
    9 feature_list: feature_list . feature

    OBJECTID  shift, and go to state 11
    '}'       shift, and go to state 19

    feature  go to state 20


State 14

    8 feature_list: feature .

    $default  reduce using rule 8 (feature_list)


State 15

    6 class: CLASS TYPEID INHERITS TYPEID '{' . '}' ';'
    7      | CLASS TYPEID INHERITS TYPEID '{' . feature_list '}' ';'

    OBJECTID  shift, and go to state 11
    '}'       shift, and go to state 21

    feature_list  go to state 22
    feature       go to state 14


State 16

   10 feature: OBJECTID '(' . formal_list ')' ':' TYPEID '{' expr '}' ';'

    OBJECTID  shift, and go to state 23

    $default  reduce using rule 15 (formal_list)

    formal_list  go to state 24
    formal       go to state 25


State 17

   11 feature: OBJECTID ':' . TYPEID ';'
   12        | OBJECTID ':' . TYPEID ASSIGN expr ';'

    TYPEID  shift, and go to state 26


State 18

    4 class: CLASS TYPEID '{' '}' ';' .

    $default  reduce using rule 4 (class)


State 19

    5 class: CLASS TYPEID '{' feature_list '}' . ';'

    ';'  shift, and go to state 27


State 20

    9 feature_list: feature_list feature .

    $default  reduce using rule 9 (feature_list)


State 21

    6 class: CLASS TYPEID INHERITS TYPEID '{' '}' . ';'

    ';'  shift, and go to state 28


State 22

    7 class: CLASS TYPEID INHERITS TYPEID '{' feature_list . '}' ';'
    9 feature_list: feature_list . feature

    OBJECTID  shift, and go to state 11
    '}'       shift, and go to state 29

    feature  go to state 20


State 23

   16 formal: OBJECTID . ':' TYPEID

    ':'  shift, and go to state 30


State 24

   10 feature: OBJECTID '(' formal_list . ')' ':' TYPEID '{' expr '}' ';'
   14 formal_list: formal_list . ',' formal

    ')'  shift, and go to state 31
    ','  shift, and go to state 32


State 25

   13 formal_list: formal .

    $default  reduce using rule 13 (formal_list)


State 26

   11 feature: OBJECTID ':' TYPEID . ';'
   12        | OBJECTID ':' TYPEID . ASSIGN expr ';'

    ASSIGN  shift, and go to state 33
    ';'     shift, and go to state 34


State 27

    5 class: CLASS TYPEID '{' feature_list '}' ';' .

    $default  reduce using rule 5 (class)


State 28

    6 class: CLASS TYPEID INHERITS TYPEID '{' '}' ';' .

    $default  reduce using rule 6 (class)


State 29

    7 class: CLASS TYPEID INHERITS TYPEID '{' feature_list '}' . ';'

    ';'  shift, and go to state 35


State 30

   16 formal: OBJECTID ':' . TYPEID

    TYPEID  shift, and go to state 36


State 31

   10 feature: OBJECTID '(' formal_list ')' . ':' TYPEID '{' expr '}' ';'

    ':'  shift, and go to state 37


State 32

   14 formal_list: formal_list ',' . formal

    OBJECTID  shift, and go to state 23

    formal  go to state 38


State 33

   12 feature: OBJECTID ':' TYPEID ASSIGN . expr ';'

    IF          shift, and go to state 39
    LET         shift, and go to state 40
    WHILE       shift, and go to state 41
    CASE        shift, and go to state 42
    NEW         shift, and go to state 43
    ISVOID      shift, and go to state 44
    STR_CONST   shift, and go to state 45
    INT_CONST   shift, and go to state 46
    BOOL_CONST  shift, and go to state 47
    OBJECTID    shift, and go to state 48
    NOT         shift, and go to state 49
    '~'         shift, and go to state 50
    '{'         shift, and go to state 51
    '('         shift, and go to state 52

    expr  go to state 53


State 34

   11 feature: OBJECTID ':' TYPEID ';' .

    $default  reduce using rule 11 (feature)


State 35

    7 class: CLASS TYPEID INHERITS TYPEID '{' feature_list '}' ';' .

    $default  reduce using rule 7 (class)


State 36

   16 formal: OBJECTID ':' TYPEID .

    $default  reduce using rule 16 (formal)


State 37

   10 feature: OBJECTID '(' formal_list ')' ':' . TYPEID '{' expr '}' ';'

    TYPEID  shift, and go to state 54


State 38

   14 formal_list: formal_list ',' formal .

    $default  reduce using rule 14 (formal_list)


State 39

   25 expr: IF . expr THEN expr FI
   26     | IF . expr THEN expr ELSE expr FI

    IF          shift, and go to state 39
    LET         shift, and go to state 40
    WHILE       shift, and go to state 41
    CASE        shift, and go to state 42
    NEW         shift, and go to state 43
    ISVOID      shift, and go to state 44
    STR_CONST   shift, and go to state 45
    INT_CONST   shift, and go to state 46
    BOOL_CONST  shift, and go to state 47
    OBJECTID    shift, and go to state 48
    NOT         shift, and go to state 49
    '~'         shift, and go to state 50
    '{'         shift, and go to state 51
    '('         shift, and go to state 52

    expr  go to state 55


State 40

   29 expr: LET . OBJECTID ':' TYPEID expr_let
   30     | LET . OBJECTID ':' TYPEID ASSIGN expr expr_let

    OBJECTID  shift, and go to state 56


State 41

   27 expr: WHILE . expr LOOP expr POOL

    IF          shift, and go to state 39
    LET         shift, and go to state 40
    WHILE       shift, and go to state 41
    CASE        shift, and go to state 42
    NEW         shift, and go to state 43
    ISVOID      shift, and go to state 44
    STR_CONST   shift, and go to state 45
    INT_CONST   shift, and go to state 46
    BOOL_CONST  shift, and go to state 47
    OBJECTID    shift, and go to state 48
    NOT         shift, and go to state 49
    '~'         shift, and go to state 50
    '{'         shift, and go to state 51
    '('         shift, and go to state 52

    expr  go to state 57


State 42

   31 expr: CASE . expr OF case_branches ESAC

    IF          shift, and go to state 39
    LET         shift, and go to state 40
    WHILE       shift, and go to state 41
    CASE        shift, and go to state 42
    NEW         shift, and go to state 43
    ISVOID      shift, and go to state 44
    STR_CONST   shift, and go to state 45
    INT_CONST   shift, and go to state 46
    BOOL_CONST  shift, and go to state 47
    OBJECTID    shift, and go to state 48
    NOT         shift, and go to state 49
    '~'         shift, and go to state 50
    '{'         shift, and go to state 51
    '('         shift, and go to state 52

    expr  go to state 58


State 43

   32 expr: NEW . TYPEID

    TYPEID  shift, and go to state 59


State 44

   33 expr: ISVOID . expr

    IF          shift, and go to state 39
    LET         shift, and go to state 40
    WHILE       shift, and go to state 41
    CASE        shift, and go to state 42
    NEW         shift, and go to state 43
    ISVOID      shift, and go to state 44
    STR_CONST   shift, and go to state 45
    INT_CONST   shift, and go to state 46
    BOOL_CONST  shift, and go to state 47
    OBJECTID    shift, and go to state 48
    NOT         shift, and go to state 49
    '~'         shift, and go to state 50
    '{'         shift, and go to state 51
    '('         shift, and go to state 52

    expr  go to state 60


State 45

   21 expr: STR_CONST .

    $default  reduce using rule 21 (expr)


State 46

   20 expr: INT_CONST .

    $default  reduce using rule 20 (expr)


State 47

   19 expr: BOOL_CONST .

    $default  reduce using rule 19 (expr)


State 48

   17 expr: OBJECTID .
   18     | OBJECTID . ASSIGN expr
   23     | OBJECTID . '(' expr_param ')'

    ASSIGN  shift, and go to state 61
    '('     shift, and go to state 62

    $default  reduce using rule 17 (expr)


State 49

   42 expr: NOT . expr

    IF          shift, and go to state 39
    LET         shift, and go to state 40
    WHILE       shift, and go to state 41
    CASE        shift, and go to state 42
    NEW         shift, and go to state 43
    ISVOID      shift, and go to state 44
    STR_CONST   shift, and go to state 45
    INT_CONST   shift, and go to state 46
    BOOL_CONST  shift, and go to state 47
    OBJECTID    shift, and go to state 48
    NOT         shift, and go to state 49
    '~'         shift, and go to state 50
    '{'         shift, and go to state 51
    '('         shift, and go to state 52

    expr  go to state 63


State 50

   41 expr: '~' . expr

    IF          shift, and go to state 39
    LET         shift, and go to state 40
    WHILE       shift, and go to state 41
    CASE        shift, and go to state 42
    NEW         shift, and go to state 43
    ISVOID      shift, and go to state 44
    STR_CONST   shift, and go to state 45
    INT_CONST   shift, and go to state 46
    BOOL_CONST  shift, and go to state 47
    OBJECTID    shift, and go to state 48
    NOT         shift, and go to state 49
    '~'         shift, and go to state 50
    '{'         shift, and go to state 51
    '('         shift, and go to state 52

    expr  go to state 64


State 51

   28 expr: '{' . expr_block '}'

    error       shift, and go to state 65
    IF          shift, and go to state 39
    LET         shift, and go to state 40
    WHILE       shift, and go to state 41
    CASE        shift, and go to state 42
    NEW         shift, and go to state 43
    ISVOID      shift, and go to state 44
    STR_CONST   shift, and go to state 45
    INT_CONST   shift, and go to state 46
    BOOL_CONST  shift, and go to state 47
    OBJECTID    shift, and go to state 48
    NOT         shift, and go to state 49
    '~'         shift, and go to state 50
    '{'         shift, and go to state 51
    '('         shift, and go to state 52

    expr        go to state 66
    expr_block  go to state 67


State 52

   43 expr: '(' . expr ')'

    IF          shift, and go to state 39
    LET         shift, and go to state 40
    WHILE       shift, and go to state 41
    CASE        shift, and go to state 42
    NEW         shift, and go to state 43
    ISVOID      shift, and go to state 44
    STR_CONST   shift, and go to state 45
    INT_CONST   shift, and go to state 46
    BOOL_CONST  shift, and go to state 47
    OBJECTID    shift, and go to state 48
    NOT         shift, and go to state 49
    '~'         shift, and go to state 50
    '{'         shift, and go to state 51
    '('         shift, and go to state 52

    expr  go to state 68


State 53

   12 feature: OBJECTID ':' TYPEID ASSIGN expr . ';'
   22 expr: expr . '.' TYPEID '(' expr_param ')'
   24     | expr . '@' TYPEID '.' OBJECTID '(' expr_param ')'
   34     | expr . '+' expr
   35     | expr . '-' expr
   36     | expr . '*' expr
   37     | expr . '/' expr
   38     | expr . '<' expr
   39     | expr . LE expr
   40     | expr . '=' expr

    LE   shift, and go to state 69
    '<'  shift, and go to state 70
    '='  shift, and go to state 71
    '+'  shift, and go to state 72
    '-'  shift, and go to state 73
    '*'  shift, and go to state 74
    '/'  shift, and go to state 75
    '@'  shift, and go to state 76
    '.'  shift, and go to state 77
    ';'  shift, and go to state 78


State 54

   10 feature: OBJECTID '(' formal_list ')' ':' TYPEID . '{' expr '}' ';'

    '{'  shift, and go to state 79


State 55

   22 expr: expr . '.' TYPEID '(' expr_param ')'
   24     | expr . '@' TYPEID '.' OBJECTID '(' expr_param ')'
   25     | IF expr . THEN expr FI
   26     | IF expr . THEN expr ELSE expr FI
   34     | expr . '+' expr
   35     | expr . '-' expr
   36     | expr . '*' expr
   37     | expr . '/' expr
   38     | expr . '<' expr
   39     | expr . LE expr
   40     | expr . '=' expr

    THEN  shift, and go to state 80
    LE    shift, and go to state 69
    '<'   shift, and go to state 70
    '='   shift, and go to state 71
    '+'   shift, and go to state 72
    '-'   shift, and go to state 73
    '*'   shift, and go to state 74
    '/'   shift, and go to state 75
    '@'   shift, and go to state 76
    '.'   shift, and go to state 77


State 56

   29 expr: LET OBJECTID . ':' TYPEID expr_let
   30     | LET OBJECTID . ':' TYPEID ASSIGN expr expr_let

    ':'  shift, and go to state 81


State 57

   22 expr: expr . '.' TYPEID '(' expr_param ')'
   24     | expr . '@' TYPEID '.' OBJECTID '(' expr_param ')'
   27     | WHILE expr . LOOP expr POOL
   34     | expr . '+' expr
   35     | expr . '-' expr
   36     | expr . '*' expr
   37     | expr . '/' expr
   38     | expr . '<' expr
   39     | expr . LE expr
   40     | expr . '=' expr

    LOOP  shift, and go to state 82
    LE    shift, and go to state 69
    '<'   shift, and go to state 70
    '='   shift, and go to state 71
    '+'   shift, and go to state 72
    '-'   shift, and go to state 73
    '*'   shift, and go to state 74
    '/'   shift, and go to state 75
    '@'   shift, and go to state 76
    '.'   shift, and go to state 77


State 58

   22 expr: expr . '.' TYPEID '(' expr_param ')'
   24     | expr . '@' TYPEID '.' OBJECTID '(' expr_param ')'
   31     | CASE expr . OF case_branches ESAC
   34     | expr . '+' expr
   35     | expr . '-' expr
   36     | expr . '*' expr
   37     | expr . '/' expr
   38     | expr . '<' expr
   39     | expr . LE expr
   40     | expr . '=' expr

    OF   shift, and go to state 83
    LE   shift, and go to state 69
    '<'  shift, and go to state 70
    '='  shift, and go to state 71
    '+'  shift, and go to state 72
    '-'  shift, and go to state 73
    '*'  shift, and go to state 74
    '/'  shift, and go to state 75
    '@'  shift, and go to state 76
    '.'  shift, and go to state 77


State 59

   32 expr: NEW TYPEID .

    $default  reduce using rule 32 (expr)


State 60

   22 expr: expr . '.' TYPEID '(' expr_param ')'
   24     | expr . '@' TYPEID '.' OBJECTID '(' expr_param ')'
   33     | ISVOID expr .
   34     | expr . '+' expr
   35     | expr . '-' expr
   36     | expr . '*' expr
   37     | expr . '/' expr
   38     | expr . '<' expr
   39     | expr . LE expr
   40     | expr . '=' expr

    '@'  shift, and go to state 76
    '.'  shift, and go to state 77

    $default  reduce using rule 33 (expr)


State 61

   18 expr: OBJECTID ASSIGN . expr

    IF          shift, and go to state 39
    LET         shift, and go to state 40
    WHILE       shift, and go to state 41
    CASE        shift, and go to state 42
    NEW         shift, and go to state 43
    ISVOID      shift, and go to state 44
    STR_CONST   shift, and go to state 45
    INT_CONST   shift, and go to state 46
    BOOL_CONST  shift, and go to state 47
    OBJECTID    shift, and go to state 48
    NOT         shift, and go to state 49
    '~'         shift, and go to state 50
    '{'         shift, and go to state 51
    '('         shift, and go to state 52

    expr  go to state 84


State 62

   23 expr: OBJECTID '(' . expr_param ')'

    IF          shift, and go to state 39
    LET         shift, and go to state 40
    WHILE       shift, and go to state 41
    CASE        shift, and go to state 42
    NEW         shift, and go to state 43
    ISVOID      shift, and go to state 44
    STR_CONST   shift, and go to state 45
    INT_CONST   shift, and go to state 46
    BOOL_CONST  shift, and go to state 47
    OBJECTID    shift, and go to state 48
    NOT         shift, and go to state 49
    '~'         shift, and go to state 50
    '{'         shift, and go to state 51
    '('         shift, and go to state 52

    $default  reduce using rule 46 (expr_param)

    expr        go to state 85
    expr_param  go to state 86


State 63

   22 expr: expr . '.' TYPEID '(' expr_param ')'
   24     | expr . '@' TYPEID '.' OBJECTID '(' expr_param ')'
   34     | expr . '+' expr
   35     | expr . '-' expr
   36     | expr . '*' expr
   37     | expr . '/' expr
   38     | expr . '<' expr
   39     | expr . LE expr
   40     | expr . '=' expr
   42     | NOT expr .

    LE   shift, and go to state 69
    '<'  shift, and go to state 70
    '='  shift, and go to state 71
    '+'  shift, and go to state 72
    '-'  shift, and go to state 73
    '*'  shift, and go to state 74
    '/'  shift, and go to state 75
    '@'  shift, and go to state 76
    '.'  shift, and go to state 77

    $default  reduce using rule 42 (expr)


State 64

   22 expr: expr . '.' TYPEID '(' expr_param ')'
   24     | expr . '@' TYPEID '.' OBJECTID '(' expr_param ')'
   34     | expr . '+' expr
   35     | expr . '-' expr
   36     | expr . '*' expr
   37     | expr . '/' expr
   38     | expr . '<' expr
   39     | expr . LE expr
   40     | expr . '=' expr
   41     | '~' expr .

    '@'  shift, and go to state 76
    '.'  shift, and go to state 77

    $default  reduce using rule 41 (expr)


State 65

   49 expr_block: error . ';'

    ';'  shift, and go to state 87


State 66

   22 expr: expr . '.' TYPEID '(' expr_param ')'
   24     | expr . '@' TYPEID '.' OBJECTID '(' expr_param ')'
   34     | expr . '+' expr
   35     | expr . '-' expr
   36     | expr . '*' expr
   37     | expr . '/' expr
   38     | expr . '<' expr
   39     | expr . LE expr
   40     | expr . '=' expr
   47 expr_block: expr . ';'

    LE   shift, and go to state 69
    '<'  shift, and go to state 70
    '='  shift, and go to state 71
    '+'  shift, and go to state 72
    '-'  shift, and go to state 73
    '*'  shift, and go to state 74
    '/'  shift, and go to state 75
    '@'  shift, and go to state 76
    '.'  shift, and go to state 77
    ';'  shift, and go to state 88


State 67

   28 expr: '{' expr_block . '}'
   48 expr_block: expr_block . expr ';'

    IF          shift, and go to state 39
    LET         shift, and go to state 40
    WHILE       shift, and go to state 41
    CASE        shift, and go to state 42
    NEW         shift, and go to state 43
    ISVOID      shift, and go to state 44
    STR_CONST   shift, and go to state 45
    INT_CONST   shift, and go to state 46
    BOOL_CONST  shift, and go to state 47
    OBJECTID    shift, and go to state 48
    NOT         shift, and go to state 49
    '~'         shift, and go to state 50
    '{'         shift, and go to state 51
    '}'         shift, and go to state 89
    '('         shift, and go to state 52

    expr  go to state 90


State 68

   22 expr: expr . '.' TYPEID '(' expr_param ')'
   24     | expr . '@' TYPEID '.' OBJECTID '(' expr_param ')'
   34     | expr . '+' expr
   35     | expr . '-' expr
   36     | expr . '*' expr
   37     | expr . '/' expr
   38     | expr . '<' expr
   39     | expr . LE expr
   40     | expr . '=' expr
   43     | '(' expr . ')'

    LE   shift, and go to state 69
    '<'  shift, and go to state 70
    '='  shift, and go to state 71
    '+'  shift, and go to state 72
    '-'  shift, and go to state 73
    '*'  shift, and go to state 74
    '/'  shift, and go to state 75
    '@'  shift, and go to state 76
    '.'  shift, and go to state 77
    ')'  shift, and go to state 91


State 69

   39 expr: expr LE . expr

    IF          shift, and go to state 39
    LET         shift, and go to state 40
    WHILE       shift, and go to state 41
    CASE        shift, and go to state 42
    NEW         shift, and go to state 43
    ISVOID      shift, and go to state 44
    STR_CONST   shift, and go to state 45
    INT_CONST   shift, and go to state 46
    BOOL_CONST  shift, and go to state 47
    OBJECTID    shift, and go to state 48
    NOT         shift, and go to state 49
    '~'         shift, and go to state 50
    '{'         shift, and go to state 51
    '('         shift, and go to state 52

    expr  go to state 92


State 70

   38 expr: expr '<' . expr

    IF          shift, and go to state 39
    LET         shift, and go to state 40
    WHILE       shift, and go to state 41
    CASE        shift, and go to state 42
    NEW         shift, and go to state 43
    ISVOID      shift, and go to state 44
    STR_CONST   shift, and go to state 45
    INT_CONST   shift, and go to state 46
    BOOL_CONST  shift, and go to state 47
    OBJECTID    shift, and go to state 48
    NOT         shift, and go to state 49
    '~'         shift, and go to state 50
    '{'         shift, and go to state 51
    '('         shift, and go to state 52

    expr  go to state 93


State 71

   40 expr: expr '=' . expr

    IF          shift, and go to state 39
    LET         shift, and go to state 40
    WHILE       shift, and go to state 41
    CASE        shift, and go to state 42
    NEW         shift, and go to state 43
    ISVOID      shift, and go to state 44
    STR_CONST   shift, and go to state 45
    INT_CONST   shift, and go to state 46
    BOOL_CONST  shift, and go to state 47
    OBJECTID    shift, and go to state 48
    NOT         shift, and go to state 49
    '~'         shift, and go to state 50
    '{'         shift, and go to state 51
    '('         shift, and go to state 52

    expr  go to state 94


State 72

   34 expr: expr '+' . expr

    IF          shift, and go to state 39
    LET         shift, and go to state 40
    WHILE       shift, and go to state 41
    CASE        shift, and go to state 42
    NEW         shift, and go to state 43
    ISVOID      shift, and go to state 44
    STR_CONST   shift, and go to state 45
    INT_CONST   shift, and go to state 46
    BOOL_CONST  shift, and go to state 47
    OBJECTID    shift, and go to state 48
    NOT         shift, and go to state 49
    '~'         shift, and go to state 50
    '{'         shift, and go to state 51
    '('         shift, and go to state 52

    expr  go to state 95


State 73

   35 expr: expr '-' . expr

    IF          shift, and go to state 39
    LET         shift, and go to state 40
    WHILE       shift, and go to state 41
    CASE        shift, and go to state 42
    NEW         shift, and go to state 43
    ISVOID      shift, and go to state 44
    STR_CONST   shift, and go to state 45
    INT_CONST   shift, and go to state 46
    BOOL_CONST  shift, and go to state 47
    OBJECTID    shift, and go to state 48
    NOT         shift, and go to state 49
    '~'         shift, and go to state 50
    '{'         shift, and go to state 51
    '('         shift, and go to state 52

    expr  go to state 96


State 74

   36 expr: expr '*' . expr

    IF          shift, and go to state 39
    LET         shift, and go to state 40
    WHILE       shift, and go to state 41
    CASE        shift, and go to state 42
    NEW         shift, and go to state 43
    ISVOID      shift, and go to state 44
    STR_CONST   shift, and go to state 45
    INT_CONST   shift, and go to state 46
    BOOL_CONST  shift, and go to state 47
    OBJECTID    shift, and go to state 48
    NOT         shift, and go to state 49
    '~'         shift, and go to state 50
    '{'         shift, and go to state 51
    '('         shift, and go to state 52

    expr  go to state 97


State 75

   37 expr: expr '/' . expr

    IF          shift, and go to state 39
    LET         shift, and go to state 40
    WHILE       shift, and go to state 41
    CASE        shift, and go to state 42
    NEW         shift, and go to state 43
    ISVOID      shift, and go to state 44
    STR_CONST   shift, and go to state 45
    INT_CONST   shift, and go to state 46
    BOOL_CONST  shift, and go to state 47
    OBJECTID    shift, and go to state 48
    NOT         shift, and go to state 49
    '~'         shift, and go to state 50
    '{'         shift, and go to state 51
    '('         shift, and go to state 52

    expr  go to state 98


State 76

   24 expr: expr '@' . TYPEID '.' OBJECTID '(' expr_param ')'

    TYPEID  shift, and go to state 99


State 77

   22 expr: expr '.' . TYPEID '(' expr_param ')'

    TYPEID  shift, and go to state 100


State 78

   12 feature: OBJECTID ':' TYPEID ASSIGN expr ';' .

    $default  reduce using rule 12 (feature)


State 79

   10 feature: OBJECTID '(' formal_list ')' ':' TYPEID '{' . expr '}' ';'

    IF          shift, and go to state 39
    LET         shift, and go to state 40
    WHILE       shift, and go to state 41
    CASE        shift, and go to state 42
    NEW         shift, and go to state 43
    ISVOID      shift, and go to state 44
    STR_CONST   shift, and go to state 45
    INT_CONST   shift, and go to state 46
    BOOL_CONST  shift, and go to state 47
    OBJECTID    shift, and go to state 48
    NOT         shift, and go to state 49
    '~'         shift, and go to state 50
    '{'         shift, and go to state 51
    '('         shift, and go to state 52

    expr  go to state 101


State 80

   25 expr: IF expr THEN . expr FI
   26     | IF expr THEN . expr ELSE expr FI

    IF          shift, and go to state 39
    LET         shift, and go to state 40
    WHILE       shift, and go to state 41
    CASE        shift, and go to state 42
    NEW         shift, and go to state 43
    ISVOID      shift, and go to state 44
    STR_CONST   shift, and go to state 45
    INT_CONST   shift, and go to state 46
    BOOL_CONST  shift, and go to state 47
    OBJECTID    shift, and go to state 48
    NOT         shift, and go to state 49
    '~'         shift, and go to state 50
    '{'         shift, and go to state 51
    '('         shift, and go to state 52

    expr  go to state 102


State 81

   29 expr: LET OBJECTID ':' . TYPEID expr_let
   30     | LET OBJECTID ':' . TYPEID ASSIGN expr expr_let

    TYPEID  shift, and go to state 103


State 82

   27 expr: WHILE expr LOOP . expr POOL

    IF          shift, and go to state 39
    LET         shift, and go to state 40
    WHILE       shift, and go to state 41
    CASE        shift, and go to state 42
    NEW         shift, and go to state 43
    ISVOID      shift, and go to state 44
    STR_CONST   shift, and go to state 45
    INT_CONST   shift, and go to state 46
    BOOL_CONST  shift, and go to state 47
    OBJECTID    shift, and go to state 48
    NOT         shift, and go to state 49
    '~'         shift, and go to state 50
    '{'         shift, and go to state 51
    '('         shift, and go to state 52

    expr  go to state 104


State 83

   31 expr: CASE expr OF . case_branches ESAC

    OBJECTID  shift, and go to state 105

    case_branches  go to state 106
    case_branch    go to state 107


State 84

   18 expr: OBJECTID ASSIGN expr .
   22     | expr . '.' TYPEID '(' expr_param ')'
   24     | expr . '@' TYPEID '.' OBJECTID '(' expr_param ')'
   34     | expr . '+' expr
   35     | expr . '-' expr
   36     | expr . '*' expr
   37     | expr . '/' expr
   38     | expr . '<' expr
   39     | expr . LE expr
   40     | expr . '=' expr

    LE   shift, and go to state 69
    '<'  shift, and go to state 70
    '='  shift, and go to state 71
    '+'  shift, and go to state 72
    '-'  shift, and go to state 73
    '*'  shift, and go to state 74
    '/'  shift, and go to state 75
    '@'  shift, and go to state 76
    '.'  shift, and go to state 77

    $default  reduce using rule 18 (expr)


State 85

   22 expr: expr . '.' TYPEID '(' expr_param ')'
   24     | expr . '@' TYPEID '.' OBJECTID '(' expr_param ')'
   34     | expr . '+' expr
   35     | expr . '-' expr
   36     | expr . '*' expr
   37     | expr . '/' expr
   38     | expr . '<' expr
   39     | expr . LE expr
   40     | expr . '=' expr
   44 expr_param: expr .

    LE   shift, and go to state 69
    '<'  shift, and go to state 70
    '='  shift, and go to state 71
    '+'  shift, and go to state 72
    '-'  shift, and go to state 73
    '*'  shift, and go to state 74
    '/'  shift, and go to state 75
    '@'  shift, and go to state 76
    '.'  shift, and go to state 77

    $default  reduce using rule 44 (expr_param)


State 86

   23 expr: OBJECTID '(' expr_param . ')'
   45 expr_param: expr_param . ',' expr

    ')'  shift, and go to state 108
    ','  shift, and go to state 109


State 87

   49 expr_block: error ';' .

    $default  reduce using rule 49 (expr_block)


State 88

   47 expr_block: expr ';' .

    $default  reduce using rule 47 (expr_block)


State 89

   28 expr: '{' expr_block '}' .

    $default  reduce using rule 28 (expr)


State 90

   22 expr: expr . '.' TYPEID '(' expr_param ')'
   24     | expr . '@' TYPEID '.' OBJECTID '(' expr_param ')'
   34     | expr . '+' expr
   35     | expr . '-' expr
   36     | expr . '*' expr
   37     | expr . '/' expr
   38     | expr . '<' expr
   39     | expr . LE expr
   40     | expr . '=' expr
   48 expr_block: expr_block expr . ';'

    LE   shift, and go to state 69
    '<'  shift, and go to state 70
    '='  shift, and go to state 71
    '+'  shift, and go to state 72
    '-'  shift, and go to state 73
    '*'  shift, and go to state 74
    '/'  shift, and go to state 75
    '@'  shift, and go to state 76
    '.'  shift, and go to state 77
    ';'  shift, and go to state 110


State 91

   43 expr: '(' expr ')' .

    $default  reduce using rule 43 (expr)


State 92

   22 expr: expr . '.' TYPEID '(' expr_param ')'
   24     | expr . '@' TYPEID '.' OBJECTID '(' expr_param ')'
   34     | expr . '+' expr
   35     | expr . '-' expr
   36     | expr . '*' expr
   37     | expr . '/' expr
   38     | expr . '<' expr
   39     | expr . LE expr
   39     | expr LE expr .
   40     | expr . '=' expr

    '+'  shift, and go to state 72
    '-'  shift, and go to state 73
    '*'  shift, and go to state 74
    '/'  shift, and go to state 75
    '@'  shift, and go to state 76
    '.'  shift, and go to state 77

    LE   error (nonassociative)
    '<'  error (nonassociative)
    '='  error (nonassociative)

    $default  reduce using rule 39 (expr)


State 93

   22 expr: expr . '.' TYPEID '(' expr_param ')'
   24     | expr . '@' TYPEID '.' OBJECTID '(' expr_param ')'
   34     | expr . '+' expr
   35     | expr . '-' expr
   36     | expr . '*' expr
   37     | expr . '/' expr
   38     | expr . '<' expr
   38     | expr '<' expr .
   39     | expr . LE expr
   40     | expr . '=' expr

    '+'  shift, and go to state 72
    '-'  shift, and go to state 73
    '*'  shift, and go to state 74
    '/'  shift, and go to state 75
    '@'  shift, and go to state 76
    '.'  shift, and go to state 77

    LE   error (nonassociative)
    '<'  error (nonassociative)
    '='  error (nonassociative)

    $default  reduce using rule 38 (expr)


State 94

   22 expr: expr . '.' TYPEID '(' expr_param ')'
   24     | expr . '@' TYPEID '.' OBJECTID '(' expr_param ')'
   34     | expr . '+' expr
   35     | expr . '-' expr
   36     | expr . '*' expr
   37     | expr . '/' expr
   38     | expr . '<' expr
   39     | expr . LE expr
   40     | expr . '=' expr
   40     | expr '=' expr .

    '+'  shift, and go to state 72
    '-'  shift, and go to state 73
    '*'  shift, and go to state 74
    '/'  shift, and go to state 75
    '@'  shift, and go to state 76
    '.'  shift, and go to state 77

    LE   error (nonassociative)
    '<'  error (nonassociative)
    '='  error (nonassociative)

    $default  reduce using rule 40 (expr)


State 95

   22 expr: expr . '.' TYPEID '(' expr_param ')'
   24     | expr . '@' TYPEID '.' OBJECTID '(' expr_param ')'
   34     | expr . '+' expr
   34     | expr '+' expr .
   35     | expr . '-' expr
   36     | expr . '*' expr
   37     | expr . '/' expr
   38     | expr . '<' expr
   39     | expr . LE expr
   40     | expr . '=' expr

    '*'  shift, and go to state 74
    '/'  shift, and go to state 75
    '@'  shift, and go to state 76
    '.'  shift, and go to state 77

    $default  reduce using rule 34 (expr)


State 96

   22 expr: expr . '.' TYPEID '(' expr_param ')'
   24     | expr . '@' TYPEID '.' OBJECTID '(' expr_param ')'
   34     | expr . '+' expr
   35     | expr . '-' expr
   35     | expr '-' expr .
   36     | expr . '*' expr
   37     | expr . '/' expr
   38     | expr . '<' expr
   39     | expr . LE expr
   40     | expr . '=' expr

    '*'  shift, and go to state 74
    '/'  shift, and go to state 75
    '@'  shift, and go to state 76
    '.'  shift, and go to state 77

    $default  reduce using rule 35 (expr)


State 97

   22 expr: expr . '.' TYPEID '(' expr_param ')'
   24     | expr . '@' TYPEID '.' OBJECTID '(' expr_param ')'
   34     | expr . '+' expr
   35     | expr . '-' expr
   36     | expr . '*' expr
   36     | expr '*' expr .
   37     | expr . '/' expr
   38     | expr . '<' expr
   39     | expr . LE expr
   40     | expr . '=' expr

    '@'  shift, and go to state 76
    '.'  shift, and go to state 77

    $default  reduce using rule 36 (expr)


State 98

   22 expr: expr . '.' TYPEID '(' expr_param ')'
   24     | expr . '@' TYPEID '.' OBJECTID '(' expr_param ')'
   34     | expr . '+' expr
   35     | expr . '-' expr
   36     | expr . '*' expr
   37     | expr . '/' expr
   37     | expr '/' expr .
   38     | expr . '<' expr
   39     | expr . LE expr
   40     | expr . '=' expr

    '@'  shift, and go to state 76
    '.'  shift, and go to state 77

    $default  reduce using rule 37 (expr)


State 99

   24 expr: expr '@' TYPEID . '.' OBJECTID '(' expr_param ')'

    '.'  shift, and go to state 111


State 100

   22 expr: expr '.' TYPEID . '(' expr_param ')'

    '('  shift, and go to state 112


State 101

   10 feature: OBJECTID '(' formal_list ')' ':' TYPEID '{' expr . '}' ';'
   22 expr: expr . '.' TYPEID '(' expr_param ')'
   24     | expr . '@' TYPEID '.' OBJECTID '(' expr_param ')'
   34     | expr . '+' expr
   35     | expr . '-' expr
   36     | expr . '*' expr
   37     | expr . '/' expr
   38     | expr . '<' expr
   39     | expr . LE expr
   40     | expr . '=' expr

    LE   shift, and go to state 69
    '<'  shift, and go to state 70
    '='  shift, and go to state 71
    '+'  shift, and go to state 72
    '-'  shift, and go to state 73
    '*'  shift, and go to state 74
    '/'  shift, and go to state 75
    '@'  shift, and go to state 76
    '.'  shift, and go to state 77
    '}'  shift, and go to state 113


State 102

   22 expr: expr . '.' TYPEID '(' expr_param ')'
   24     | expr . '@' TYPEID '.' OBJECTID '(' expr_param ')'
   25     | IF expr THEN expr . FI
   26     | IF expr THEN expr . ELSE expr FI
   34     | expr . '+' expr
   35     | expr . '-' expr
   36     | expr . '*' expr
   37     | expr . '/' expr
   38     | expr . '<' expr
   39     | expr . LE expr
   40     | expr . '=' expr

    ELSE  shift, and go to state 114
    FI    shift, and go to state 115
    LE    shift, and go to state 69
    '<'   shift, and go to state 70
    '='   shift, and go to state 71
    '+'   shift, and go to state 72
    '-'   shift, and go to state 73
    '*'   shift, and go to state 74
    '/'   shift, and go to state 75
    '@'   shift, and go to state 76
    '.'   shift, and go to state 77


State 103

   29 expr: LET OBJECTID ':' TYPEID . expr_let
   30     | LET OBJECTID ':' TYPEID . ASSIGN expr expr_let

    IN      shift, and go to state 116
    ASSIGN  shift, and go to state 117
    ','     shift, and go to state 118

    expr_let  go to state 119


State 104

   22 expr: expr . '.' TYPEID '(' expr_param ')'
   24     | expr . '@' TYPEID '.' OBJECTID '(' expr_param ')'
   27     | WHILE expr LOOP expr . POOL
   34     | expr . '+' expr
   35     | expr . '-' expr
   36     | expr . '*' expr
   37     | expr . '/' expr
   38     | expr . '<' expr
   39     | expr . LE expr
   40     | expr . '=' expr

    POOL  shift, and go to state 120
    LE    shift, and go to state 69
    '<'   shift, and go to state 70
    '='   shift, and go to state 71
    '+'   shift, and go to state 72
    '-'   shift, and go to state 73
    '*'   shift, and go to state 74
    '/'   shift, and go to state 75
    '@'   shift, and go to state 76
    '.'   shift, and go to state 77


State 105

   55 case_branch: OBJECTID . ':' TYPEID DARROW expr ';'

    ':'  shift, and go to state 121


State 106

   31 expr: CASE expr OF case_branches . ESAC
   54 case_branches: case_branches . case_branch

    ESAC      shift, and go to state 122
    OBJECTID  shift, and go to state 105

    case_branch  go to state 123


State 107

   53 case_branches: case_branch .

    $default  reduce using rule 53 (case_branches)


State 108

   23 expr: OBJECTID '(' expr_param ')' .

    $default  reduce using rule 23 (expr)


State 109

   45 expr_param: expr_param ',' . expr

    IF          shift, and go to state 39
    LET         shift, and go to state 40
    WHILE       shift, and go to state 41
    CASE        shift, and go to state 42
    NEW         shift, and go to state 43
    ISVOID      shift, and go to state 44
    STR_CONST   shift, and go to state 45
    INT_CONST   shift, and go to state 46
    BOOL_CONST  shift, and go to state 47
    OBJECTID    shift, and go to state 48
    NOT         shift, and go to state 49
    '~'         shift, and go to state 50
    '{'         shift, and go to state 51
    '('         shift, and go to state 52

    expr  go to state 124


State 110

   48 expr_block: expr_block expr ';' .

    $default  reduce using rule 48 (expr_block)


State 111

   24 expr: expr '@' TYPEID '.' . OBJECTID '(' expr_param ')'

    OBJECTID  shift, and go to state 125


State 112

   22 expr: expr '.' TYPEID '(' . expr_param ')'

    IF          shift, and go to state 39
    LET         shift, and go to state 40
    WHILE       shift, and go to state 41
    CASE        shift, and go to state 42
    NEW         shift, and go to state 43
    ISVOID      shift, and go to state 44
    STR_CONST   shift, and go to state 45
    INT_CONST   shift, and go to state 46
    BOOL_CONST  shift, and go to state 47
    OBJECTID    shift, and go to state 48
    NOT         shift, and go to state 49
    '~'         shift, and go to state 50
    '{'         shift, and go to state 51
    '('         shift, and go to state 52

    $default  reduce using rule 46 (expr_param)

    expr        go to state 85
    expr_param  go to state 126


State 113

   10 feature: OBJECTID '(' formal_list ')' ':' TYPEID '{' expr '}' . ';'

    ';'  shift, and go to state 127


State 114

   26 expr: IF expr THEN expr ELSE . expr FI

    IF          shift, and go to state 39
    LET         shift, and go to state 40
    WHILE       shift, and go to state 41
    CASE        shift, and go to state 42
    NEW         shift, and go to state 43
    ISVOID      shift, and go to state 44
    STR_CONST   shift, and go to state 45
    INT_CONST   shift, and go to state 46
    BOOL_CONST  shift, and go to state 47
    OBJECTID    shift, and go to state 48
    NOT         shift, and go to state 49
    '~'         shift, and go to state 50
    '{'         shift, and go to state 51
    '('         shift, and go to state 52

    expr  go to state 128


State 115

   25 expr: IF expr THEN expr FI .

    $default  reduce using rule 25 (expr)


State 116

   50 expr_let: IN . expr

    IF          shift, and go to state 39
    LET         shift, and go to state 40
    WHILE       shift, and go to state 41
    CASE        shift, and go to state 42
    NEW         shift, and go to state 43
    ISVOID      shift, and go to state 44
    STR_CONST   shift, and go to state 45
    INT_CONST   shift, and go to state 46
    BOOL_CONST  shift, and go to state 47
    OBJECTID    shift, and go to state 48
    NOT         shift, and go to state 49
    '~'         shift, and go to state 50
    '{'         shift, and go to state 51
    '('         shift, and go to state 52

    expr  go to state 129


State 117

   30 expr: LET OBJECTID ':' TYPEID ASSIGN . expr expr_let

    IF          shift, and go to state 39
    LET         shift, and go to state 40
    WHILE       shift, and go to state 41
    CASE        shift, and go to state 42
    NEW         shift, and go to state 43
    ISVOID      shift, and go to state 44
    STR_CONST   shift, and go to state 45
    INT_CONST   shift, and go to state 46
    BOOL_CONST  shift, and go to state 47
    OBJECTID    shift, and go to state 48
    NOT         shift, and go to state 49
    '~'         shift, and go to state 50
    '{'         shift, and go to state 51
    '('         shift, and go to state 52

    expr  go to state 130


State 118

   51 expr_let: ',' . OBJECTID ':' TYPEID expr_let
   52         | ',' . OBJECTID ':' TYPEID ASSIGN expr expr_let

    OBJECTID  shift, and go to state 131


State 119

   29 expr: LET OBJECTID ':' TYPEID expr_let .

    $default  reduce using rule 29 (expr)


State 120

   27 expr: WHILE expr LOOP expr POOL .

    $default  reduce using rule 27 (expr)


State 121

   55 case_branch: OBJECTID ':' . TYPEID DARROW expr ';'

    TYPEID  shift, and go to state 132


State 122

   31 expr: CASE expr OF case_branches ESAC .

    $default  reduce using rule 31 (expr)


State 123

   54 case_branches: case_branches case_branch .

    $default  reduce using rule 54 (case_branches)


State 124

   22 expr: expr . '.' TYPEID '(' expr_param ')'
   24     | expr . '@' TYPEID '.' OBJECTID '(' expr_param ')'
   34     | expr . '+' expr
   35     | expr . '-' expr
   36     | expr . '*' expr
   37     | expr . '/' expr
   38     | expr . '<' expr
   39     | expr . LE expr
   40     | expr . '=' expr
   45 expr_param: expr_param ',' expr .

    LE   shift, and go to state 69
    '<'  shift, and go to state 70
    '='  shift, and go to state 71
    '+'  shift, and go to state 72
    '-'  shift, and go to state 73
    '*'  shift, and go to state 74
    '/'  shift, and go to state 75
    '@'  shift, and go to state 76
    '.'  shift, and go to state 77

    $default  reduce using rule 45 (expr_param)


State 125

   24 expr: expr '@' TYPEID '.' OBJECTID . '(' expr_param ')'

    '('  shift, and go to state 133


State 126

   22 expr: expr '.' TYPEID '(' expr_param . ')'
   45 expr_param: expr_param . ',' expr

    ')'  shift, and go to state 134
    ','  shift, and go to state 109


State 127

   10 feature: OBJECTID '(' formal_list ')' ':' TYPEID '{' expr '}' ';' .

    $default  reduce using rule 10 (feature)


State 128

   22 expr: expr . '.' TYPEID '(' expr_param ')'
   24     | expr . '@' TYPEID '.' OBJECTID '(' expr_param ')'
   26     | IF expr THEN expr ELSE expr . FI
   34     | expr . '+' expr
   35     | expr . '-' expr
   36     | expr . '*' expr
   37     | expr . '/' expr
   38     | expr . '<' expr
   39     | expr . LE expr
   40     | expr . '=' expr

    FI   shift, and go to state 135
    LE   shift, and go to state 69
    '<'  shift, and go to state 70
    '='  shift, and go to state 71
    '+'  shift, and go to state 72
    '-'  shift, and go to state 73
    '*'  shift, and go to state 74
    '/'  shift, and go to state 75
    '@'  shift, and go to state 76
    '.'  shift, and go to state 77


State 129

   22 expr: expr . '.' TYPEID '(' expr_param ')'
   24     | expr . '@' TYPEID '.' OBJECTID '(' expr_param ')'
   34     | expr . '+' expr
   35     | expr . '-' expr
   36     | expr . '*' expr
   37     | expr . '/' expr
   38     | expr . '<' expr
   39     | expr . LE expr
   40     | expr . '=' expr
   50 expr_let: IN expr .

    $default  reduce using rule 50 (expr_let)


State 130

   22 expr: expr . '.' TYPEID '(' expr_param ')'
   24     | expr . '@' TYPEID '.' OBJECTID '(' expr_param ')'
   30     | LET OBJECTID ':' TYPEID ASSIGN expr . expr_let
   34     | expr . '+' expr
   35     | expr . '-' expr
   36     | expr . '*' expr
   37     | expr . '/' expr
   38     | expr . '<' expr
   39     | expr . LE expr
   40     | expr . '=' expr

    IN   shift, and go to state 116
    LE   shift, and go to state 69
    '<'  shift, and go to state 70
    '='  shift, and go to state 71
    '+'  shift, and go to state 72
    '-'  shift, and go to state 73
    '*'  shift, and go to state 74
    '/'  shift, and go to state 75
    '@'  shift, and go to state 76
    '.'  shift, and go to state 77
    ','  shift, and go to state 118

    expr_let  go to state 136


State 131

   51 expr_let: ',' OBJECTID . ':' TYPEID expr_let
   52         | ',' OBJECTID . ':' TYPEID ASSIGN expr expr_let

    ':'  shift, and go to state 137


State 132

   55 case_branch: OBJECTID ':' TYPEID . DARROW expr ';'

    DARROW  shift, and go to state 138


State 133

   24 expr: expr '@' TYPEID '.' OBJECTID '(' . expr_param ')'

    IF          shift, and go to state 39
    LET         shift, and go to state 40
    WHILE       shift, and go to state 41
    CASE        shift, and go to state 42
    NEW         shift, and go to state 43
    ISVOID      shift, and go to state 44
    STR_CONST   shift, and go to state 45
    INT_CONST   shift, and go to state 46
    BOOL_CONST  shift, and go to state 47
    OBJECTID    shift, and go to state 48
    NOT         shift, and go to state 49
    '~'         shift, and go to state 50
    '{'         shift, and go to state 51
    '('         shift, and go to state 52

    $default  reduce using rule 46 (expr_param)

    expr        go to state 85
    expr_param  go to state 139


State 134

   22 expr: expr '.' TYPEID '(' expr_param ')' .

    $default  reduce using rule 22 (expr)


State 135

   26 expr: IF expr THEN expr ELSE expr FI .

    $default  reduce using rule 26 (expr)


State 136

   30 expr: LET OBJECTID ':' TYPEID ASSIGN expr expr_let .

    $default  reduce using rule 30 (expr)


State 137

   51 expr_let: ',' OBJECTID ':' . TYPEID expr_let
   52         | ',' OBJECTID ':' . TYPEID ASSIGN expr expr_let

    TYPEID  shift, and go to state 140


State 138

   55 case_branch: OBJECTID ':' TYPEID DARROW . expr ';'

    IF          shift, and go to state 39
    LET         shift, and go to state 40
    WHILE       shift, and go to state 41
    CASE        shift, and go to state 42
    NEW         shift, and go to state 43
    ISVOID      shift, and go to state 44
    STR_CONST   shift, and go to state 45
    INT_CONST   shift, and go to state 46
    BOOL_CONST  shift, and go to state 47
    OBJECTID    shift, and go to state 48
    NOT         shift, and go to state 49
    '~'         shift, and go to state 50
    '{'         shift, and go to state 51
    '('         shift, and go to state 52

    expr  go to state 141


State 139

   24 expr: expr '@' TYPEID '.' OBJECTID '(' expr_param . ')'
   45 expr_param: expr_param . ',' expr

    ')'  shift, and go to state 142
    ','  shift, and go to state 109


State 140

   51 expr_let: ',' OBJECTID ':' TYPEID . expr_let
   52         | ',' OBJECTID ':' TYPEID . ASSIGN expr expr_let

    IN      shift, and go to state 116
    ASSIGN  shift, and go to state 143
    ','     shift, and go to state 118

    expr_let  go to state 144


State 141

   22 expr: expr . '.' TYPEID '(' expr_param ')'
   24     | expr . '@' TYPEID '.' OBJECTID '(' expr_param ')'
   34     | expr . '+' expr
   35     | expr . '-' expr
   36     | expr . '*' expr
   37     | expr . '/' expr
   38     | expr . '<' expr
   39     | expr . LE expr
   40     | expr . '=' expr
   55 case_branch: OBJECTID ':' TYPEID DARROW expr . ';'

    LE   shift, and go to state 69
    '<'  shift, and go to state 70
    '='  shift, and go to state 71
    '+'  shift, and go to state 72
    '-'  shift, and go to state 73
    '*'  shift, and go to state 74
    '/'  shift, and go to state 75
    '@'  shift, and go to state 76
    '.'  shift, and go to state 77
    ';'  shift, and go to state 145


State 142

   24 expr: expr '@' TYPEID '.' OBJECTID '(' expr_param ')' .

    $default  reduce using rule 24 (expr)


State 143

   52 expr_let: ',' OBJECTID ':' TYPEID ASSIGN . expr expr_let

    IF          shift, and go to state 39
    LET         shift, and go to state 40
    WHILE       shift, and go to state 41
    CASE        shift, and go to state 42
    NEW         shift, and go to state 43
    ISVOID      shift, and go to state 44
    STR_CONST   shift, and go to state 45
    INT_CONST   shift, and go to state 46
    BOOL_CONST  shift, and go to state 47
    OBJECTID    shift, and go to state 48
    NOT         shift, and go to state 49
    '~'         shift, and go to state 50
    '{'         shift, and go to state 51
    '('         shift, and go to state 52

    expr  go to state 146


State 144

   51 expr_let: ',' OBJECTID ':' TYPEID expr_let .

    $default  reduce using rule 51 (expr_let)


State 145

   55 case_branch: OBJECTID ':' TYPEID DARROW expr ';' .

    $default  reduce using rule 55 (case_branch)


State 146

   22 expr: expr . '.' TYPEID '(' expr_param ')'
   24     | expr . '@' TYPEID '.' OBJECTID '(' expr_param ')'
   34     | expr . '+' expr
   35     | expr . '-' expr
   36     | expr . '*' expr
   37     | expr . '/' expr
   38     | expr . '<' expr
   39     | expr . LE expr
   40     | expr . '=' expr
   52 expr_let: ',' OBJECTID ':' TYPEID ASSIGN expr . expr_let

    IN   shift, and go to state 116
    LE   shift, and go to state 69
    '<'  shift, and go to state 70
    '='  shift, and go to state 71
    '+'  shift, and go to state 72
    '-'  shift, and go to state 73
    '*'  shift, and go to state 74
    '/'  shift, and go to state 75
    '@'  shift, and go to state 76
    '.'  shift, and go to state 77
    ','  shift, and go to state 118

    expr_let  go to state 147


State 147

   52 expr_let: ',' OBJECTID ':' TYPEID ASSIGN expr expr_let .

    $default  reduce using rule 52 (expr_let)
